{"synthetic": false,
 "schemaVersion": "2025-09-10",
 "outputs":
 {"o": ["27eeaaa7bad777eb.olean"],
  "i": "63ae6e1eafe37ca9.ilean",
  "c": "e7a596a30cd9e809.c"},
 "log":
 [{"message":
   ".> LEAN_PATH=C:\\Users\\123\\Documents\\GitHub\\distinction-dynamics\\formal\\lean\\.lake\\packages\\Cli\\.lake\\build\\lib\\lean;C:\\Users\\123\\Documents\\GitHub\\distinction-dynamics\\formal\\lean\\.lake\\packages\\batteries\\.lake\\build\\lib\\lean;C:\\Users\\123\\Documents\\GitHub\\distinction-dynamics\\formal\\lean\\.lake\\packages\\Qq\\.lake\\build\\lib\\lean;C:\\Users\\123\\Documents\\GitHub\\distinction-dynamics\\formal\\lean\\.lake\\packages\\aesop\\.lake\\build\\lib\\lean;C:\\Users\\123\\Documents\\GitHub\\distinction-dynamics\\formal\\lean\\.lake\\packages\\proofwidgets\\.lake\\build\\lib\\lean;C:\\Users\\123\\Documents\\GitHub\\distinction-dynamics\\formal\\lean\\.lake\\packages\\importGraph\\.lake\\build\\lib\\lean;C:\\Users\\123\\Documents\\GitHub\\distinction-dynamics\\formal\\lean\\.lake\\packages\\LeanSearchClient\\.lake\\build\\lib\\lean;C:\\Users\\123\\Documents\\GitHub\\distinction-dynamics\\formal\\lean\\.lake\\packages\\plausible\\.lake\\build\\lib\\lean;C:\\Users\\123\\Documents\\GitHub\\distinction-dynamics\\formal\\lean\\.lake\\packages\\mathlib\\.lake\\build\\lib\\lean;C:\\Users\\123\\Documents\\GitHub\\distinction-dynamics\\formal\\lean\\.lake\\build\\lib\\lean c:\\Users\\123\\.elan\\toolchains\\leanprover--lean4---v4.27.0-rc1\\bin\\lean.exe C:\\Users\\123\\Documents\\GitHub\\distinction-dynamics\\formal\\lean\\DD\\L02_Iteration.lean -o C:\\Users\\123\\Documents\\GitHub\\distinction-dynamics\\formal\\lean\\.lake\\build\\lib\\lean\\DD\\L02_Iteration.olean -i C:\\Users\\123\\Documents\\GitHub\\distinction-dynamics\\formal\\lean\\.lake\\build\\lib\\lean\\DD\\L02_Iteration.ilean -c C:\\Users\\123\\Documents\\GitHub\\distinction-dynamics\\formal\\lean\\.lake\\build\\ir\\DD\\L02_Iteration.c --setup C:\\Users\\123\\Documents\\GitHub\\distinction-dynamics\\formal\\lean\\.lake\\build\\ir\\DD\\L02_Iteration.setup.json --json",
   "level": "trace"}],
 "inputs":
 [["DD.L02_Iteration:deps",
   [["deps",
     [["dd/DD:extraDep", [["@dd:extraDep", "00000000000006bb"]]],
      ["imports", "00000000000006bb"]]],
    ["libs",
     [["import dynlibs", "00000000000006bb"],
      ["package external libraries", "00000000000006bb"],
      ["module dynlibs", "00000000000006bb"],
      ["module plugins", "00000000000006bb"]]]]],
  ["Lean 4.27.0, commit 2fcce7258eeb6e324366bc25f9058293b04b7547",
   "6f43b597efea5d4c"],
  ["C:\\Users\\123\\Documents\\GitHub\\distinction-dynamics\\formal\\lean\\DD\\L02_Iteration.lean",
   "fe593c31e80545a1"],
  ["options",
   [["-DrelaxedAutoImplicit=false", "74a2b5546b55be80"],
    ["-DautoImplicit=false", "4a85acb881fd49d0"]]],
  ["Module.leanArgs: #[]", "00000000000006bb"]],
 "depHash": "d4ab322e1b7df8ab"}