{"synthetic": false,
 "schemaVersion": "2025-09-10",
 "outputs":
 {"o": ["6838ddf1b5674596.olean"],
  "i": "6223faf0f3d0547c.ilean",
  "c": "fca67bb91d5b9e88.c"},
 "log":
 [{"message":
   ".> LEAN_PATH=C:\\Users\\123\\Documents\\GitHub\\distinction-dynamics\\formal\\lean\\.lake\\packages\\Cli\\.lake\\build\\lib\\lean;C:\\Users\\123\\Documents\\GitHub\\distinction-dynamics\\formal\\lean\\.lake\\packages\\batteries\\.lake\\build\\lib\\lean;C:\\Users\\123\\Documents\\GitHub\\distinction-dynamics\\formal\\lean\\.lake\\packages\\Qq\\.lake\\build\\lib\\lean;C:\\Users\\123\\Documents\\GitHub\\distinction-dynamics\\formal\\lean\\.lake\\packages\\aesop\\.lake\\build\\lib\\lean;C:\\Users\\123\\Documents\\GitHub\\distinction-dynamics\\formal\\lean\\.lake\\packages\\proofwidgets\\.lake\\build\\lib\\lean;C:\\Users\\123\\Documents\\GitHub\\distinction-dynamics\\formal\\lean\\.lake\\packages\\importGraph\\.lake\\build\\lib\\lean;C:\\Users\\123\\Documents\\GitHub\\distinction-dynamics\\formal\\lean\\.lake\\packages\\LeanSearchClient\\.lake\\build\\lib\\lean;C:\\Users\\123\\Documents\\GitHub\\distinction-dynamics\\formal\\lean\\.lake\\packages\\plausible\\.lake\\build\\lib\\lean;C:\\Users\\123\\Documents\\GitHub\\distinction-dynamics\\formal\\lean\\.lake\\packages\\mathlib\\.lake\\build\\lib\\lean;C:\\Users\\123\\Documents\\GitHub\\distinction-dynamics\\formal\\lean\\.lake\\build\\lib\\lean c:\\Users\\123\\.elan\\toolchains\\leanprover--lean4---v4.27.0-rc1\\bin\\lean.exe C:\\Users\\123\\Documents\\GitHub\\distinction-dynamics\\formal\\lean\\DD\\L03_Criticality.lean -o C:\\Users\\123\\Documents\\GitHub\\distinction-dynamics\\formal\\lean\\.lake\\build\\lib\\lean\\DD\\L03_Criticality.olean -i C:\\Users\\123\\Documents\\GitHub\\distinction-dynamics\\formal\\lean\\.lake\\build\\lib\\lean\\DD\\L03_Criticality.ilean -c C:\\Users\\123\\Documents\\GitHub\\distinction-dynamics\\formal\\lean\\.lake\\build\\ir\\DD\\L03_Criticality.c --setup C:\\Users\\123\\Documents\\GitHub\\distinction-dynamics\\formal\\lean\\.lake\\build\\ir\\DD\\L03_Criticality.setup.json --json",
   "level": "trace"}],
 "inputs":
 [["DD.L03_Criticality:deps",
   [["deps",
     [["dd/DD:extraDep", [["@dd:extraDep", "00000000000006bb"]]],
      ["imports",
       [["Mathlib.Data.Rat.Defs transitive imports (legacy)",
         "358598d4c074162b"],
        ["Mathlib.Data.Rat.Defs:importAllArts", "a15aef16812ecd2b"],
        ["Mathlib.Data.Real.Basic transitive imports (legacy)",
         "7675032ba74e6078"],
        ["Mathlib.Data.Real.Basic:importAllArts", "c4ea47b1c7339e0d"],
        ["Mathlib.Tactic transitive imports (legacy)", "b9b1dabd17c685c5"],
        ["Mathlib.Tactic:importAllArts", "ffc7b586d1d5769c"]]]]],
    ["libs",
     [["import dynlibs", "00000000000006bb"],
      ["package external libraries", "00000000000006bb"],
      ["module dynlibs", "00000000000006bb"],
      ["module plugins", "00000000000006bb"]]]]],
  ["Lean 4.27.0, commit 2fcce7258eeb6e324366bc25f9058293b04b7547",
   "6f43b597efea5d4c"],
  ["C:\\Users\\123\\Documents\\GitHub\\distinction-dynamics\\formal\\lean\\DD\\L03_Criticality.lean",
   "0e969b5878764d46"],
  ["options",
   [["-DrelaxedAutoImplicit=false", "74a2b5546b55be80"],
    ["-DautoImplicit=false", "4a85acb881fd49d0"]]],
  ["Module.leanArgs: #[]", "00000000000006bb"]],
 "depHash": "7b38583b664d5df2"}