\BOOKMARK [0][-]{chapter*.1}{\376\377\000A\000b\000s\000t\000r\000a\000c\000t}{}% 1
\BOOKMARK [-1][-]{part.1}{\376\377\000I\000\040\000F\000o\000u\000n\000d\000a\000t\000i\000o\000n\000s}{}% 2
\BOOKMARK [0][-]{chapter.1}{\376\377\000I\000n\000t\000r\000o\000d\000u\000c\000t\000i\000o\000n}{part.1}% 3
\BOOKMARK [1][-]{section.1.1}{\376\377\000T\000h\000e\000\040\000P\000r\000o\000b\000l\000e\000m}{chapter.1}% 4
\BOOKMARK [1][-]{section.1.2}{\376\377\000T\000h\000e\000\040\000P\000r\000o\000p\000o\000s\000a\000l}{chapter.1}% 5
\BOOKMARK [1][-]{section.1.3}{\376\377\000M\000e\000t\000h\000o\000d\000o\000l\000o\000g\000y}{chapter.1}% 6
\BOOKMARK [1][-]{section.1.4}{\376\377\000S\000t\000r\000u\000c\000t\000u\000r\000e\000\040\000o\000f\000\040\000T\000h\000i\000s\000\040\000W\000o\000r\000k}{chapter.1}% 7
\BOOKMARK [0][-]{chapter.2}{\376\377\000T\000h\000e\000\040\000A\000x\000i\000o\000m}{part.1}% 8
\BOOKMARK [1][-]{section.2.1}{\376\377\000F\000o\000r\000m\000u\000l\000a\000t\000i\000o\000n}{chapter.2}% 9
\BOOKMARK [1][-]{section.2.2}{\376\377\000I\000n\000t\000e\000r\000p\000r\000e\000t\000a\000t\000i\000o\000n}{chapter.2}% 10
\BOOKMARK [1][-]{section.2.3}{\376\377\000F\000o\000r\000m\000a\000l\000\040\000R\000e\000p\000r\000e\000s\000e\000n\000t\000a\000t\000i\000o\000n}{chapter.2}% 11
\BOOKMARK [1][-]{section.2.4}{\376\377\000W\000h\000y\000\040\000T\000h\000i\000s\000\040\000A\000x\000i\000o\000m\000?}{chapter.2}% 12
\BOOKMARK [0][-]{chapter.3}{\376\377\000F\000r\000o\000m\000\040\000D\000i\000s\000t\000i\000n\000c\000t\000i\000o\000n\000\040\000t\000o\000\040\000T\000h\000r\000e\000e}{part.1}% 13
\BOOKMARK [1][-]{section.3.1}{\376\377\000T\000h\000e\000\040\000C\000l\000o\000s\000u\000r\000e\000\040\000A\000r\000g\000u\000m\000e\000n\000t}{chapter.3}% 14
\BOOKMARK [1][-]{section.3.2}{\376\377\000W\000h\000y\000\040\000N\000o\000t\000\040\000T\000w\000o\000?}{chapter.3}% 15
\BOOKMARK [1][-]{section.3.3}{\376\377\000F\000o\000r\000m\000a\000l\000\040\000V\000e\000r\000i\000f\000i\000c\000a\000t\000i\000o\000n}{chapter.3}% 16
\BOOKMARK [1][-]{section.3.4}{\376\377\000T\000h\000e\000\040\000S\000i\000g\000n\000i\000f\000i\000c\000a\000n\000c\000e\000\040\000o\000f\000\040\000T\000h\000r\000e\000e}{chapter.3}% 17
\BOOKMARK [0][-]{chapter.4}{\376\377\000F\000r\000o\000m\000\040\000T\000h\000r\000e\000e\000\040\000t\000o\000\040\000S\0003}{part.1}% 18
\BOOKMARK [1][-]{section.4.1}{\376\377\000P\000e\000r\000m\000u\000t\000a\000t\000i\000o\000n\000s}{chapter.4}% 19
\BOOKMARK [1][-]{section.4.2}{\376\377\000G\000r\000o\000u\000p\000\040\000S\000t\000r\000u\000c\000t\000u\000r\000e}{chapter.4}% 20
\BOOKMARK [1][-]{section.4.3}{\376\377\000T\000h\000e\000\040\000A\000l\000t\000e\000r\000n\000a\000t\000i\000n\000g\000\040\000S\000u\000b\000g\000r\000o\000u\000p}{chapter.4}% 21
\BOOKMARK [1][-]{section.4.4}{\376\377\000C\000o\000m\000p\000a\000r\000i\000s\000o\000n\000\040\000w\000i\000t\000h\000\040\000S\0002}{chapter.4}% 22
\BOOKMARK [-1][-]{part.2}{\376\377\000I\000I\000\040\000G\000a\000u\000g\000e\000\040\000S\000t\000r\000u\000c\000t\000u\000r\000e}{}% 23
\BOOKMARK [0][-]{chapter.5}{\376\377\000S\000U\000\050\0003\000\051\000\040\000N\000e\000c\000e\000s\000s\000i\000t\000y}{part.2}% 24
\BOOKMARK [1][-]{section.5.1}{\376\377\000T\000h\000e\000\040\000A\000r\000g\000u\000m\000e\000n\000t}{chapter.5}% 25
\BOOKMARK [1][-]{section.5.2}{\376\377\000T\000h\000e\000\040\000E\000m\000b\000e\000d\000d\000i\000n\000g}{chapter.5}% 26
\BOOKMARK [1][-]{section.5.3}{\376\377\000F\000o\000r\000m\000a\000l\000\040\000V\000e\000r\000i\000f\000i\000c\000a\000t\000i\000o\000n}{chapter.5}% 27
\BOOKMARK [1][-]{section.5.4}{\376\377\000P\000h\000y\000s\000i\000c\000a\000l\000\040\000I\000n\000t\000e\000r\000p\000r\000e\000t\000a\000t\000i\000o\000n}{chapter.5}% 28
\BOOKMARK [0][-]{chapter.6}{\376\377\000T\000h\000e\000\040\000T\000h\000r\000e\000e\000-\000L\000e\000v\000e\000l\000\040\000S\000t\000r\000u\000c\000t\000u\000r\000e}{part.2}% 29
\BOOKMARK [1][-]{section.6.1}{\376\377\000L\000e\000v\000e\000l\000s\000\040\000o\000f\000\040\000D\000i\000s\000t\000i\000n\000c\000t\000i\000o\000n}{chapter.6}% 30
\BOOKMARK [1][-]{section.6.2}{\376\377\000D\000i\000m\000e\000n\000s\000i\000o\000n\000s}{chapter.6}% 31
\BOOKMARK [1][-]{section.6.3}{\376\377\000W\000h\000y\000\040\000N\000o\000\040\000H\000i\000g\000h\000e\000r\000\040\000L\000e\000v\000e\000l\000s\000?}{chapter.6}% 32
\BOOKMARK [0][-]{chapter.7}{\376\377\000F\000u\000n\000d\000a\000m\000e\000n\000t\000a\000l\000\040\000C\000o\000n\000s\000t\000a\000n\000t\000s}{part.2}% 33
\BOOKMARK [1][-]{section.7.1}{\376\377\000T\000h\000e\000\040\000F\000i\000n\000e\000\040\000S\000t\000r\000u\000c\000t\000u\000r\000e\000\040\000C\000o\000n\000s\000t\000a\000n\000t}{chapter.7}% 34
\BOOKMARK [1][-]{section.7.2}{\376\377\000T\000h\000e\000\040\000W\000e\000i\000n\000b\000e\000r\000g\000\040\000A\000n\000g\000l\000e}{chapter.7}% 35
\BOOKMARK [1][-]{section.7.3}{\376\377\000T\000h\000e\000\040\000K\000o\000i\000d\000e\000\040\000F\000o\000r\000m\000u\000l\000a}{chapter.7}% 36
\BOOKMARK [1][-]{section.7.4}{\376\377\000S\000t\000a\000t\000u\000s\000\040\000o\000f\000\040\000T\000h\000e\000s\000e\000\040\000D\000e\000r\000i\000v\000a\000t\000i\000o\000n\000s}{chapter.7}% 37
\BOOKMARK [-1][-]{part.3}{\376\377\000I\000I\000I\000\040\000Q\000u\000a\000n\000t\000u\000m\000\040\000M\000e\000c\000h\000a\000n\000i\000c\000s}{}% 38
\BOOKMARK [0][-]{chapter.8}{\376\377\000F\000i\000s\000h\000e\000r\000\040\000I\000n\000f\000o\000r\000m\000a\000t\000i\000o\000n}{part.3}% 39
\BOOKMARK [1][-]{section.8.1}{\376\377\000T\000h\000e\000\040\000K\000e\000y\000\040\000I\000n\000s\000i\000g\000h\000t}{chapter.8}% 40
\BOOKMARK [1][-]{section.8.2}{\376\377\000C\000r\000a\000m\000\351\000r\000-\000R\000a\000o\000\040\000B\000o\000u\000n\000d}{chapter.8}% 41
\BOOKMARK [1][-]{section.8.3}{\376\377\000F\000i\000s\000h\000e\000r\000\040\000I\000n\000f\000o\000r\000m\000a\000t\000i\000o\000n\000\040\000f\000o\000r\000\040\000A\000m\000p\000l\000i\000t\000u\000d\000e\000s}{chapter.8}% 42
\BOOKMARK [0][-]{chapter.9}{\376\377\000F\000r\000o\000m\000\040\000F\000i\000s\000h\000e\000r\000\040\000t\000o\000\040\000S\000c\000h\000r\000\366\000d\000i\000n\000g\000e\000r}{part.3}% 43
\BOOKMARK [1][-]{section.9.1}{\376\377\000T\000h\000e\000\040\000V\000a\000r\000i\000a\000t\000i\000o\000n\000a\000l\000\040\000P\000r\000i\000n\000c\000i\000p\000l\000e}{chapter.9}% 44
\BOOKMARK [1][-]{section.9.2}{\376\377\000E\000u\000l\000e\000r\000-\000L\000a\000g\000r\000a\000n\000g\000e\000\040\000D\000e\000r\000i\000v\000a\000t\000i\000o\000n}{chapter.9}% 45
\BOOKMARK [1][-]{section.9.3}{\376\377\000I\000n\000t\000e\000r\000p\000r\000e\000t\000a\000t\000i\000o\000n}{chapter.9}% 46
\BOOKMARK [0][-]{chapter.10}{\376\377\000U\000n\000c\000e\000r\000t\000a\000i\000n\000t\000y\000\040\000a\000n\000d\000\040\000C\000o\000m\000p\000l\000e\000m\000e\000n\000t\000a\000r\000i\000t\000y}{part.3}% 47
\BOOKMARK [1][-]{section.10.1}{\376\377\000U\000n\000c\000e\000r\000t\000a\000i\000n\000t\000y\000\040\000f\000r\000o\000m\000\040\000C\000r\000a\000m\000\351\000r\000-\000R\000a\000o}{chapter.10}% 48
\BOOKMARK [1][-]{section.10.2}{\376\377\000C\000o\000m\000p\000l\000e\000m\000e\000n\000t\000a\000r\000i\000t\000y}{chapter.10}% 49
\BOOKMARK [-1][-]{part.4}{\376\377\000I\000V\000\040\000V\000e\000r\000i\000f\000i\000c\000a\000t\000i\000o\000n}{}% 50
\BOOKMARK [0][-]{chapter.11}{\376\377\000F\000o\000r\000m\000a\000l\000\040\000M\000e\000t\000h\000o\000d\000s}{part.4}% 51
\BOOKMARK [1][-]{section.11.1}{\376\377\000W\000h\000y\000\040\000F\000o\000r\000m\000a\000l\000i\000z\000a\000t\000i\000o\000n\000?}{chapter.11}% 52
\BOOKMARK [1][-]{section.11.2}{\376\377\000A\000g\000d\000a}{chapter.11}% 53
\BOOKMARK [1][-]{section.11.3}{\376\377\000L\000e\000a\000n\000\040\0004}{chapter.11}% 54
\BOOKMARK [1][-]{section.11.4}{\376\377\000V\000e\000r\000i\000f\000i\000c\000a\000t\000i\000o\000n\000\040\000S\000t\000a\000t\000u\000s}{chapter.11}% 55
\BOOKMARK [0][-]{chapter.12}{\376\377\000C\000o\000d\000e\000\040\000L\000i\000s\000t\000i\000n\000g\000s}{part.4}% 56
\BOOKMARK [1][-]{section.12.1}{\376\377\000C\000o\000r\000e\000\040\000A\000g\000d\000a\000\040\000M\000o\000d\000u\000l\000e}{chapter.12}% 57
\BOOKMARK [1][-]{section.12.2}{\376\377\000L\000e\000a\000n\000\040\0004\000\040\000F\000i\000s\000h\000e\000r\000\040\000M\000o\000d\000u\000l\000e}{chapter.12}% 58
\BOOKMARK [-1][-]{part.5}{\376\377\000V\000\040\000I\000m\000p\000l\000i\000c\000a\000t\000i\000o\000n\000s}{}% 59
\BOOKMARK [0][-]{chapter.13}{\376\377\000P\000h\000i\000l\000o\000s\000o\000p\000h\000y}{part.5}% 60
\BOOKMARK [1][-]{section.13.1}{\376\377\000N\000e\000c\000e\000s\000s\000i\000t\000y\000\040\000v\000s\000.\000\040\000C\000o\000n\000t\000i\000n\000g\000e\000n\000c\000y}{chapter.13}% 61
\BOOKMARK [1][-]{section.13.2}{\376\377\000P\000h\000y\000s\000i\000c\000s\000\040\000a\000s\000\040\000M\000a\000t\000h\000e\000m\000a\000t\000i\000c\000s}{chapter.13}% 62
\BOOKMARK [1][-]{section.13.3}{\376\377\000T\000h\000e\000\040\000S\000t\000a\000t\000u\000s\000\040\000o\000f\000\040\000t\000h\000e\000\040\000A\000x\000i\000o\000m}{chapter.13}% 63
\BOOKMARK [0][-]{chapter.14}{\376\377\000O\000p\000e\000n\000\040\000P\000r\000o\000b\000l\000e\000m\000s}{part.5}% 64
\BOOKMARK [1][-]{section.14.1}{\376\377\000F\000i\000s\000h\000e\000r\000\040\041\222\000\040\000S\000c\000h\000r\000\366\000d\000i\000n\000g\000e\000r\000\040\000\050\000F\000u\000l\000l\000y\000\040\000F\000o\000r\000m\000a\000l\000\051}{chapter.14}% 65
\BOOKMARK [1][-]{section.14.2}{\376\377\000E\000x\000a\000c\000t\000\040\000C\000o\000n\000s\000t\000a\000n\000t\000s}{chapter.14}% 66
\BOOKMARK [1][-]{section.14.3}{\376\377\000M\000a\000s\000s\000e\000s}{chapter.14}% 67
\BOOKMARK [1][-]{section.14.4}{\376\377\000G\000r\000a\000v\000i\000t\000y}{chapter.14}% 68
\BOOKMARK [1][-]{section.14.5}{\376\377\000Q\000u\000a\000n\000t\000u\000m\000\040\000F\000i\000e\000l\000d\000\040\000T\000h\000e\000o\000r\000y}{chapter.14}% 69
\BOOKMARK [0][-]{chapter.15}{\376\377\000C\000o\000n\000c\000l\000u\000s\000i\000o\000n}{part.5}% 70
\BOOKMARK [0][-]{appendix*.9}{\376\377\000I\000n\000s\000t\000a\000l\000l\000a\000t\000i\000o\000n\000\040\000a\000n\000d\000\040\000R\000u\000n\000n\000i\000n\000g\000\040\000t\000h\000e\000\040\000C\000o\000d\000e}{part.5}% 71
\BOOKMARK [1][-]{section.Alph0.1}{\376\377\000A\000g\000d\000a}{appendix*.9}% 72
\BOOKMARK [1][-]{section.Alph0.2}{\376\377\000L\000e\000a\000n\000\040\0004}{appendix*.9}% 73
\BOOKMARK [0][-]{appendix*.10}{\376\377\000N\000o\000t\000a\000t\000i\000o\000n}{part.5}% 74
